<?xml version="1.0" encoding="UTF-8"?>
<!-- Generated by org.testng.reporters.JUnitXMLReporter -->
<testsuite hostname="DESKTOP-TKK5GPG" name="Default test" tests="2" failures="2" timestamp="2 Aug 2022 01:53:28 GMT" time="122.072" errors="0">
  <testcase name="runScenario" time="75.543" classname="zoho.runner.MyRunner">
    <failure type="java.lang.AssertionError" message="The following asserts failed:
	Object not found crm_xpath">
      <![CDATA[java.lang.AssertionError: The following asserts failed:
	Object not found crm_xpath
	at org.testng.asserts.SoftAssert.assertAll(SoftAssert.java:43)
	at zoho.managers.WebDriverManager.quit(WebDriverManager.java:293)
	at zoho.managers.WebDriverManager.reportFailure(WebDriverManager.java:225)
	at zoho.managers.WebDriverManager.findElement(WebDriverManager.java:154)
	at zoho.managers.WebDriverManager.click(WebDriverManager.java:130)
	at zoho.pages.LoginPage.doLogin(LoginPage.java:23)
	at zoho.teststeps.Session.zohoLogin(Session.java:26)
	at ✽.I am logged in zoho.com(file:///C:/workspace/ZohoCucumberNew/src/test/resources/zoho/leads.feature:25)
]]>
    </failure>
  </testcase> <!-- runScenario -->
  <testcase name="runScenario" time="41.312" classname="zoho.runner.MyRunner">
    <failure type="java.lang.AssertionError" message="The following asserts failed:
	Object not found crm_xpath">
      <![CDATA[java.lang.AssertionError: The following asserts failed:
	Object not found crm_xpath
	at org.testng.asserts.SoftAssert.assertAll(SoftAssert.java:43)
	at zoho.managers.WebDriverManager.quit(WebDriverManager.java:293)
	at zoho.managers.WebDriverManager.reportFailure(WebDriverManager.java:225)
	at zoho.managers.WebDriverManager.findElement(WebDriverManager.java:154)
	at zoho.managers.WebDriverManager.click(WebDriverManager.java:130)
	at zoho.pages.LoginPage.doLogin(LoginPage.java:23)
	at zoho.teststeps.Session.zohoLogin(Session.java:26)
	at ✽.I am logged in zoho.com(file:///C:/workspace/ZohoCucumberNew/src/test/resources/zoho/leads.feature:25)
]]>
    </failure>
  </testcase> <!-- runScenario -->
</testsuite> <!-- Default test -->
