<!DOCTYPE html PUBLIC "-//W3C//DTD XHTML 1.1//EN" "http://www.w3.org/TR/xhtml11/DTD/xhtml11.dtd">
<html xmlns="http://www.w3.org/1999/xhtml"><head><title>TestNG Report</title><style type="text/css">table {margin-bottom:10px;border-collapse:collapse;empty-cells:show}th,td {border:1px solid #009;padding:.25em .5em}th {vertical-align:bottom}td {vertical-align:top}table a {font-weight:bold}.stripe td {background-color: #E6EBF9}.num {text-align:right}.passedodd td {background-color: #3F3}.passedeven td {background-color: #0A0}.skippedodd td {background-color: #DDD}.skippedeven td {background-color: #CCC}.failedodd td,.attn {background-color: #F33}.failedeven td,.stripe .attn {background-color: #D00}.stacktrace {white-space:pre;font-family:monospace}.totop {font-size:85%;text-align:center;border-bottom:2px solid #000}</style></head><body><table><tr><th>Test</th><th># Passed</th><th># Skipped</th><th># Failed</th><th>Time (ms)</th><th>Included Groups</th><th>Excluded Groups</th></tr><tr><th colspan="7">Default suite</th></tr><tr><td><a href="#t0">Default test</a></td><td class="num">0</td><td class="num">0</td><td class="num attn">2</td><td class="num">122,072</td><td></td><td></td></tr></table><table><thead><tr><th>Class</th><th>Method</th><th>Start</th><th>Time (ms)</th></tr></thead><tbody><tr><th colspan="4">Default suite</th></tr></tbody><tbody id="t0"><tr><th colspan="4">Default test &#8212; failed</th></tr><tr class="failedeven"><td rowspan="2">zoho.runner.MyRunner</td><td><a href="#m0">runScenario</a></td><td rowspan="2">1659405090746</td><td rowspan="2">75543</td></tr><tr class="failedeven"><td><a href="#m1">runScenario</a></td></tr></tbody></table><h2>Default test</h2><h3 id="m0">zoho.runner.MyRunner#runScenario</h3><table class="result"><tr class="param"><th>Parameter #1</th><th>Parameter #2</th></tr><tr class="param stripe"><td>&quot;Creation of a lead&quot;</td><td>&quot;Optional[Managing leads]&quot;</td></tr><tr><th colspan="2">Exception</th></tr><tr><td colspan="2"><div class="stacktrace">java.lang.AssertionError: The following asserts failed:
	Object not found crm_xpath
	at org.testng.asserts.SoftAssert.assertAll(SoftAssert.java:43)
	at zoho.managers.WebDriverManager.quit(WebDriverManager.java:293)
	at zoho.managers.WebDriverManager.reportFailure(WebDriverManager.java:225)
	at zoho.managers.WebDriverManager.findElement(WebDriverManager.java:154)
	at zoho.managers.WebDriverManager.click(WebDriverManager.java:130)
	at zoho.pages.LoginPage.doLogin(LoginPage.java:23)
	at zoho.teststeps.Session.zohoLogin(Session.java:26)
	at ?.I am logged in zoho.com(file:///C:/workspace/ZohoCucumberNew/src/test/resources/zoho/leads.feature:25)
</div></td></tr></table><p class="totop"><a href="#summary">back to summary</a></p><h3 id="m1">zoho.runner.MyRunner#runScenario</h3><table class="result"><tr class="param"><th>Parameter #1</th><th>Parameter #2</th></tr><tr class="param stripe"><td>&quot;Deletion of the lead&quot;</td><td>&quot;Optional[Managing leads]&quot;</td></tr><tr><th colspan="2">Exception</th></tr><tr><td colspan="2"><div class="stacktrace">java.lang.AssertionError: The following asserts failed:
	Object not found crm_xpath
	at org.testng.asserts.SoftAssert.assertAll(SoftAssert.java:43)
	at zoho.managers.WebDriverManager.quit(WebDriverManager.java:293)
	at zoho.managers.WebDriverManager.reportFailure(WebDriverManager.java:225)
	at zoho.managers.WebDriverManager.findElement(WebDriverManager.java:154)
	at zoho.managers.WebDriverManager.click(WebDriverManager.java:130)
	at zoho.pages.LoginPage.doLogin(LoginPage.java:23)
	at zoho.teststeps.Session.zohoLogin(Session.java:26)
	at ?.I am logged in zoho.com(file:///C:/workspace/ZohoCucumberNew/src/test/resources/zoho/leads.feature:25)
</div></td></tr></table><p class="totop"><a href="#summary">back to summary</a></p></body></html>